<?xml version="1.0" encoding="UTF-8"?>
<!-- Generated by org.testng.reporters.JUnitXMLReporter -->
<testsuite hostname="DESKTOP-UG71NEM" ignored="0" name="Default test" tests="5" failures="0" timestamp="2023-08-09T10:45:41 IST" time="172.323" errors="0">
  <testcase name="loginDOt" time="53.199" classname="TestCases.DATLoginTest"/>
  <testcase name="loginDOt" time="27.898" classname="TestCases.DATLoginTest"/>
  <testcase name="loginDOt" time="28.213" classname="TestCases.DATLoginTest"/>
  <testcase name="loginDOt" time="26.331" classname="TestCases.DATLoginTest"/>
  <testcase name="loginDOt" time="22.638" classname="TestCases.DATLoginTest"/>
</testsuite> <!-- Default test -->
