<?xml version="1.0" encoding="UTF-8"?>
<testng-results ignored="0" total="1" passed="1" failed="0" skipped="0">
  <reporter-output>
  </reporter-output>
  <suite started-at="2023-08-09T12:24:04 IST" name="DataDrivenTestCases" finished-at="2023-08-09T12:24:44 IST" duration-ms="40342">
    <groups>
    </groups>
    <test started-at="2023-08-09T12:24:04 IST" name="BankingTest1" finished-at="2023-08-09T12:24:44 IST" duration-ms="40342">
      <class name="TestCases.LoginTestCase">
        <test-method is-config="true" signature="setup()[pri:0, instance:TestCases.LoginTestCase@485966cc]" started-at="2023-08-09T12:24:05 IST" name="setup" finished-at="2023-08-09T12:24:15 IST" duration-ms="10861" status="PASS">
          <reporter-output>
          </reporter-output>
        </test-method> <!-- setup -->
        <test-method signature="loginTest()[pri:0, instance:TestCases.LoginTestCase@485966cc]" started-at="2023-08-09T12:24:15 IST" name="loginTest" finished-at="2023-08-09T12:24:43 IST" duration-ms="27949" status="PASS">
          <reporter-output>
          </reporter-output>
        </test-method> <!-- loginTest -->
        <test-method is-config="true" signature="teardown()[pri:0, instance:TestCases.LoginTestCase@485966cc]" started-at="2023-08-09T12:24:43 IST" name="teardown" finished-at="2023-08-09T12:24:44 IST" duration-ms="716" status="PASS">
          <reporter-output>
          </reporter-output>
        </test-method> <!-- teardown -->
      </class> <!-- TestCases.LoginTestCase -->
    </test> <!-- BankingTest1 -->
  </suite> <!-- DataDrivenTestCases -->
</testng-results>
